<?xml version="1.0" encoding="UTF-8"?>
<!-- Generated by org.testng.reporters.JUnitReportReporter -->
<testsuite skipped="0" hostname="LAPTOP-S30K9T37" name="testcases.TC002_CreateLeads" tests="2" failures="0" timestamp="29 Jul 2018 16:44:30 GMT" time="35.349" errors="0">
  <testcase name="createLead" time="21.642" classname="testcases.TC002_CreateLeads"/>
  <testcase name="createLead" time="13.707" classname="testcases.TC002_CreateLeads"/>
</testsuite> <!-- testcases.TC002_CreateLeads -->
