<?xml version="1.0" encoding="UTF-8"?>
<!-- Generated by org.testng.reporters.JUnitReportReporter -->
<testsuite skipped="0" hostname="LAPTOP-S30K9T37" name="testcases.TC003_EditLead" tests="1" failures="0" timestamp="30 Jul 2018 04:22:26 GMT" time="18.012" errors="0">
  <testcase name="createLead" time="18.012" classname="testcases.TC003_EditLead"/>
</testsuite> <!-- testcases.TC003_EditLead -->
