<?xml version="1.0" encoding="UTF-8"?>
<!-- Generated by org.testng.reporters.JUnitReportReporter -->
<testsuite skipped="0" hostname="LAPTOP-S30K9T37" name="testcases.TC004_MergeLead" tests="1" failures="0" timestamp="30 Jul 2018 06:33:58 GMT" time="19.205" errors="0">
  <testcase name="createLead" time="19.205" classname="testcases.TC004_MergeLead"/>
</testsuite> <!-- testcases.TC004_MergeLead -->
