<?xml version="1.0" encoding="UTF-8"?>
<!-- Generated by org.testng.reporters.JUnitReportReporter -->
<testsuite skipped="0" hostname="LAPTOP-S30K9T37" name="testcases.TC005_DeleteLead" tests="1" failures="0" timestamp="30 Jul 2018 06:51:04 GMT" time="13.850" errors="0">
  <testcase name="createLead" time="13.850" classname="testcases.TC005_DeleteLead"/>
</testsuite> <!-- testcases.TC005_DeleteLead -->
