<?xml version="1.0" encoding="UTF-8"?>
<!-- Generated by org.testng.reporters.JUnitReportReporter -->
<testsuite skipped="0" hostname="LAPTOP-S30K9T37" name="testcases.TC001_LogIn" tests="2" failures="0" timestamp="26 Jul 2018 06:23:00 GMT" time="17.426" errors="0">
  <testcase name="login" time="7.982" classname="testcases.TC001_LogIn"/>
  <testcase name="login" time="9.444" classname="testcases.TC001_LogIn"/>
</testsuite> <!-- testcases.TC001_LogIn -->
